<?xml version="1.0" encoding="UTF-8"?>
<!-- Generated by org.testng.reporters.JUnitReportReporter -->
<testsuite hostname="vivobook-asuslaptop-x512flc-x512fl" failures="0" tests="3" name="com.test.Analytics_Code.Code4humanity" time="30.054" errors="0" timestamp="2024-02-14T15:28:20 IST" skipped="0">
  <testcase classname="com.test.Analytics_Code.Code4humanity" name="launch" time="5.402"/>
  <system-out/>
  <testcase classname="com.test.Analytics_Code.Code4humanity" name="login" time="18.516"/>
  <system-out/>
  <testcase classname="com.test.Analytics_Code.Code4humanity" name="code" time="6.136"/>
  <system-out/>
</testsuite> <!-- com.test.Analytics_Code.Code4humanity -->
