<?xml version="1.0" encoding="UTF-8"?>
<!-- Generated by org.testng.reporters.JUnitReportReporter -->
<testsuite hostname="vivobook-asuslaptop-x512flc-x512fl" failures="0" tests="3" name="com.test.Analytics_Code.Testing" time="151.578" errors="0" timestamp="2024-01-29T14:42:46 IST" skipped="0">
  <testcase classname="com.test.Analytics_Code.Testing" name="launch" time="131.418"/>
  <system-out/>
  <testcase classname="com.test.Analytics_Code.Testing" name="code" time="10.037"/>
  <system-out/>
  <testcase classname="com.test.Analytics_Code.Testing" name="analytics" time="10.123"/>
  <system-out/>
</testsuite> <!-- com.test.Analytics_Code.Testing -->
